app/build/intermediates/manifest_merge_blame_file/debug/manifest-merger-blame-debug-report.txt
1<?xml version="1.0" encoding="utf-8"?>
2<manifest xmlns:android="http://schemas.android.com/apk/res/android"
3    package="com.workspace.PugWacker"
4    android:versionCode="1"
5    android:versionName="1.0" >
6
7    <uses-sdk
8        android:minSdkVersion="28"
8-->src\main\AndroidManifest.xml
9        android:targetSdkVersion="30" />
9-->src\main\AndroidManifest.xml
10
11    <application
11-->src\main\AndroidManifest.xml:8:5-25:19
12        android:allowBackup="false"
12-->src\main\AndroidManifest.xml:12:9-36
13        android:debuggable="true"
13-->src\main\AndroidManifest.xml:10:42-67
14        android:extractNativeLibs="false"
15        android:icon="@drawable/pug2"
15-->src\main\AndroidManifest.xml:9:9-38
16        android:label="@string/app_name" >
16-->src\main\AndroidManifest.xml:10:9-41
17        <activity android:name="com.workspace.PugWacker.Game" />
17-->src\main\AndroidManifest.xml:13:9-42
17-->src\main\AndroidManifest.xml:13:19-39
18        <activity
18-->src\main\AndroidManifest.xml:14:9-24:20
19            android:name="com.workspace.PugWacker.PugWackerActivity"
19-->src\main\AndroidManifest.xml:16:13-46
20            android:exported="true"
20-->src\main\AndroidManifest.xml:18:13-36
21            android:label="@string/app_name"
21-->src\main\AndroidManifest.xml:15:13-45
22            android:screenOrientation="landscape" >
22-->src\main\AndroidManifest.xml:17:13-50
23            <intent-filter>
23-->src\main\AndroidManifest.xml:19:13-23:29
24                <action android:name="android.intent.action.MAIN" />
24-->src\main\AndroidManifest.xml:20:17-69
24-->src\main\AndroidManifest.xml:20:25-66
25
26                <category android:name="android.intent.category.LAUNCHER" />
26-->src\main\AndroidManifest.xml:22:17-77
26-->src\main\AndroidManifest.xml:22:27-74
27            </intent-filter>
28        </activity>
29    </application>
30
31</manifest>